#
# There is insufficient memory for the Java Runtime Environment to continue.
# Native memory allocation (mmap) failed to map 234881024 bytes for Failed to commit area from 0x0000000720c00000 to 0x000000072ec00000 of length 234881024.
# Possible reasons:
#   The system is out of physical RAM or swap space
#   The process is running with CompressedOops enabled, and the Java Heap may be blocking the growth of the native heap
# Possible solutions:
#   Reduce memory load on the system
#   Increase physical memory or swap space
#   Check if swap backing store is full
#   Decrease Java heap size (-Xmx/-Xms)
#   Decrease number of Java threads
#   Decrease Java thread stack sizes (-Xss)
#   Set larger code cache with -XX:ReservedCodeCacheSize=
# This output file may be truncated or incomplete.
#
#  Out of Memory Error (./open/src/hotspot/os/windows/os_windows.cpp:3273), pid=16012, tid=9884
#
# JRE version:  (11.0.12+8) (build )
# Java VM: Java HotSpot(TM) 64-Bit Server VM (11.0.12+8-LTS-237, mixed mode, sharing, tiered, compressed oops, g1 gc, windows-amd64)
# No core dump will be written. Minidumps are not enabled by default on client versions of Windows
#

---------------  S U M M A R Y ------------

Command Line: -agentlib:jdwp=transport=dt_socket,server=n,suspend=y,address=127.0.0.1:53617 -Xverify:none -XX:TieredStopAtLevel=1 -Dfile.encoding=windows-1252 -Duser.country=AR -Duser.language=es -Duser.variant com.mindhub.tiendaderopa.TiendaDeRopaApplication

Host: AMD Ryzen 5 2400G with Radeon Vega Graphics    , 8 cores, 13G,  Windows 10 , 64 bit Build 19041 (10.0.19041.1566)
Time: Thu Mar 17 02:12:00 2022 Hora estándar de Argentina elapsed time: 0.019125 seconds (0d 0h 0m 0s)

---------------  T H R E A D  ---------------

Current thread (0x00000243fcf3a800):  JavaThread "Unknown thread" [_thread_in_vm, id=9884, stack(0x000000eda8200000,0x000000eda8300000)]

Stack: [0x000000eda8200000,0x000000eda8300000]
Native frames: (J=compiled Java code, j=interpreted, Vv=VM code, C=native code)
V  [jvm.dll+0x617d9a]
V  [jvm.dll+0x74eeef]
V  [jvm.dll+0x750599]
V  [jvm.dll+0x750c23]
V  [jvm.dll+0x2438d8]
V  [jvm.dll+0x61518a]
V  [jvm.dll+0x609f45]
V  [jvm.dll+0x2f85cc]
V  [jvm.dll+0x2f8452]
V  [jvm.dll+0x2fd106]
V  [jvm.dll+0x33f6ef]
V  [jvm.dll+0x33f120]
V  [jvm.dll+0x2d5ca8]
V  [jvm.dll+0x2d6e06]
V  [jvm.dll+0x72a977]
V  [jvm.dll+0x72c21f]
V  [jvm.dll+0x34c469]
V  [jvm.dll+0x710400]
V  [jvm.dll+0x3b5baf]
V  [jvm.dll+0x3b7cb1]
C  [jli.dll+0x520b]
C  [ucrtbase.dll+0x21bb2]
C  [KERNEL32.DLL+0x17034]
C  [ntdll.dll+0x52651]


---------------  P R O C E S S  ---------------

Threads class SMR info:
_java_thread_list=0x00000243fadccb20, length=0, elements={
}

Java Threads: ( => current thread )

Other Threads:
  0x00000243fcf4e000 GCTaskThread "GC Thread#0" [stack: 0x000000eda8300000,0x000000eda8400000] [id=2760]
  0x00000243fcfa0000 ConcurrentGCThread "G1 Main Marker" [stack: 0x000000eda8400000,0x000000eda8500000] [id=15324]
  0x00000243fcfa3800 ConcurrentGCThread "G1 Conc#0" [stack: 0x000000eda8500000,0x000000eda8600000] [id=11012]

[error occurred during error reporting (printing all threads), id 0xc0000005, EXCEPTION_ACCESS_VIOLATION (0xc0000005) at pc=0x00007ffc97da4f37]

VM state:not at safepoint (not fully initialized)

VM Mutex/Monitor currently owned by a thread:  ([mutex/lock_event])
[0x00000243fcf359c0] Heap_lock - owner thread: 0x00000243fcf3a800

Heap address: 0x0000000720c00000, size: 3572 MB, Compressed Oops mode: Non-zero based: 0x0000000720c00000
Narrow klass base: 0x0000000000000000, Narrow klass shift: 0

GC Heap History (0 events):
No events

Deoptimization events (0 events):
No events

Classes redefined (0 events):
No events

Internal exceptions (0 events):
No events

Events (0 events):
No events


Dynamic libraries:
0x00007ff7c7e50000 - 0x00007ff7c7e5f000 	C:\Program Files\Java\jdk-11.0.12\bin\java.exe
0x00007ffd0a1b0000 - 0x00007ffd0a3a5000 	C:\Windows\SYSTEM32\ntdll.dll
0x00007ffd09710000 - 0x00007ffd097ce000 	C:\Windows\System32\KERNEL32.DLL
0x00007ffd07e10000 - 0x00007ffd080d8000 	C:\Windows\System32\KERNELBASE.dll
0x00007ffd08110000 - 0x00007ffd08210000 	C:\Windows\System32\ucrtbase.dll
0x00007ffced490000 - 0x00007ffced4a5000 	C:\Program Files\Java\jdk-11.0.12\bin\VCRUNTIME140.dll
0x00007ffcf6a00000 - 0x00007ffcf6a18000 	C:\Program Files\Java\jdk-11.0.12\bin\jli.dll
0x00007ffd08490000 - 0x00007ffd0853e000 	C:\Windows\System32\ADVAPI32.dll
0x00007ffd08e80000 - 0x00007ffd08f1e000 	C:\Windows\System32\msvcrt.dll
0x00007ffd0a0d0000 - 0x00007ffd0a16c000 	C:\Windows\System32\sechost.dll
0x00007ffd090f0000 - 0x00007ffd09215000 	C:\Windows\System32\RPCRT4.dll
0x00007ffd085f0000 - 0x00007ffd08790000 	C:\Windows\System32\USER32.dll
0x00007ffd080e0000 - 0x00007ffd08102000 	C:\Windows\System32\win32u.dll
0x00007ffcf1040000 - 0x00007ffcf12da000 	C:\Windows\WinSxS\amd64_microsoft.windows.common-controls_6595b64144ccf1df_6.0.19041.1110_none_60b5254171f9507e\COMCTL32.dll
0x00007ffd08920000 - 0x00007ffd0894b000 	C:\Windows\System32\GDI32.dll
0x00007ffd07a30000 - 0x00007ffd07b3b000 	C:\Windows\System32\gdi32full.dll
0x00007ffd07be0000 - 0x00007ffd07c7d000 	C:\Windows\System32\msvcp_win.dll
0x00007ffcfd470000 - 0x00007ffcfd47a000 	C:\Windows\SYSTEM32\VERSION.dll
0x00007ffd090c0000 - 0x00007ffd090f0000 	C:\Windows\System32\IMM32.DLL
0x00007ffcd4900000 - 0x00007ffcd499b000 	C:\Program Files\Java\jdk-11.0.12\bin\msvcp140.dll
0x00007ffc97ac0000 - 0x00007ffc985bf000 	C:\Program Files\Java\jdk-11.0.12\bin\server\jvm.dll
0x00007ffd08880000 - 0x00007ffd08888000 	C:\Windows\System32\PSAPI.DLL
0x00007ffce8130000 - 0x00007ffce8139000 	C:\Windows\SYSTEM32\WSOCK32.dll
0x00007ffcfce70000 - 0x00007ffcfce97000 	C:\Windows\SYSTEM32\WINMM.dll
0x00007ffd09050000 - 0x00007ffd090bb000 	C:\Windows\System32\WS2_32.dll
0x00007ffd05800000 - 0x00007ffd05812000 	C:\Windows\SYSTEM32\kernel.appcore.dll
0x00007ffcf7a90000 - 0x00007ffcf7aa0000 	C:\Program Files\Java\jdk-11.0.12\bin\verify.dll
0x00007ffd00020000 - 0x00007ffd00204000 	C:\Windows\SYSTEM32\DBGHELP.DLL
0x00007ffcf3ce0000 - 0x00007ffcf3d0c000 	C:\Windows\SYSTEM32\dbgcore.DLL
0x00007ffd07c80000 - 0x00007ffd07d02000 	C:\Windows\System32\bcryptPrimitives.dll
0x00007ffcec180000 - 0x00007ffcec1a8000 	C:\Program Files\Java\jdk-11.0.12\bin\java.dll
0x00007ffcf45f0000 - 0x00007ffcf45fa000 	C:\Program Files\Java\jdk-11.0.12\bin\jimage.dll
0x00007ffce0540000 - 0x00007ffce0578000 	C:\Program Files\Java\jdk-11.0.12\bin\jdwp.dll
0x00007ffcec160000 - 0x00007ffcec176000 	C:\Program Files\Java\jdk-11.0.12\bin\zip.dll

dbghelp: loaded successfully - version: 4.0.5 - missing functions: none
symbol engine: initialized successfully - sym options: 0x614 - pdb path: .;C:\Program Files\Java\jdk-11.0.12\bin;C:\Windows\SYSTEM32;C:\Windows\WinSxS\amd64_microsoft.windows.common-controls_6595b64144ccf1df_6.0.19041.1110_none_60b5254171f9507e;C:\Program Files\Java\jdk-11.0.12\bin\server

VM Arguments:
jvm_args: -agentlib:jdwp=transport=dt_socket,server=n,suspend=y,address=127.0.0.1:53617 -Xverify:none -XX:TieredStopAtLevel=1 -Dfile.encoding=windows-1252 -Duser.country=AR -Duser.language=es -Duser.variant 
java_command: com.mindhub.tiendaderopa.TiendaDeRopaApplication
java_class_path (initial): D:\MindHub\FS025\PROYECTOS\Java\tienda-de-ropa\src\main\resources;D:\MindHub\FS025\PROYECTOS\Java\tienda-de-ropa\build\classes\java\main;C:\Users\Guille\.gradle\caches\modules-2\files-2.1\org.springframework.data\spring-data-rest-webmvc\3.6.2\ea9ab1b9a512c50b6da31fd420a83770ed520ba8\spring-data-rest-webmvc-3.6.2.jar;C:\Users\Guille\.gradle\caches\modules-2\files-2.1\org.springframework.data\spring-data-rest-core\3.6.2\b3bb4baab5ea8428f63c8857eac0d45eda0f6985\spring-data-rest-core-3.6.2.jar;C:\Users\Guille\.gradle\caches\modules-2\files-2.1\com.fasterxml.jackson.datatype\jackson-datatype-jdk8\2.13.1\8ecfa9bcd714269fdf22c33f9fd00d0643bd0e21\jackson-datatype-jdk8-2.13.1.jar;C:\Users\Guille\.gradle\caches\modules-2\files-2.1\com.fasterxml.jackson.datatype\jackson-datatype-jsr310\2.13.1\1ece5a87b59701328215e0083448b4d451857cbd\jackson-datatype-jsr310-2.13.1.jar;C:\Users\Guille\.gradle\caches\modules-2\files-2.1\com.fasterxml.jackson.module\jackson-module-parameter-names\2.13.1\cbeec2259213c555ef451a2e05f35ed1dbfbf799\jackson-module-parameter-names-2.13.1.jar;C:\Users\Guille\.gradle\caches\modules-2\files-2.1\com.fasterxml.jackson.core\jackson-databind\2.13.1\698b2d2b15d9a1b7aae025f1d9f576842285e7f6\jackson-databind-2.13.1.jar;C:\Users\Guille\.gradle\caches\modules-2\files-2.1\com.fasterxml.jackson.core\jackson-core\2.13.1\51ae921a2ed1e06ca8876f12f32f265e83c0b2b8\jackson-core-2.13.1.jar;C:\Users\Guille\.gradle\caches\modules-2\files-2.1\com.fasterxml.jackson.core\jackson-annotations\2.13.1\1cbcbe4623113e6af92ccaa89884a345270f1a87\jackson-annotations-2.13.1.jar;C:\Users\Guille\.gradle\caches\modules-2\files-2.1\com.fasterxml.jackson.dataformat\jackson-dataformat-xml\2.13.1\bcc5e3a3056e6e98020856b52e53895ad5fdfc4b\jackson-dataformat-xml-2.13.1.jar;C:\Users\Guille\.gradle\caches\modules-2\files-2.1\com.github.librepdf\openpdf\1.3.8\ce13cc42621e5763a8f65dfab1fa4334fc8b7871\openpdf-1.3.8.jar;C:\Users\Guille\.gradle\caches\modules-2\files-2.1\com.h2
Launcher Type: SUN_STANDARD

[Global flags]
     bool BytecodeVerificationLocal                = false                                     {product} {command line}
     bool BytecodeVerificationRemote               = false                                     {product} {command line}
     intx CICompilerCount                          = 4                                         {product} {ergonomic}
     uint ConcGCThreads                            = 2                                         {product} {ergonomic}
     uint G1ConcRefinementThreads                  = 8                                         {product} {ergonomic}
   size_t G1HeapRegionSize                         = 1048576                                   {product} {ergonomic}
    uintx GCDrainStackTargetSize                   = 64                                        {product} {ergonomic}
   size_t InitialHeapSize                          = 234881024                                 {product} {ergonomic}
   size_t MarkStackSize                            = 4194304                                   {product} {ergonomic}
   size_t MaxHeapSize                              = 3745513472                                {product} {ergonomic}
   size_t MinHeapDeltaBytes                        = 1048576                                   {product} {ergonomic}
    uintx NonNMethodCodeHeapSize                   = 7549744                                {pd product} {ergonomic}
    uintx NonProfiledCodeHeapSize                  = 244108496                              {pd product} {ergonomic}
    uintx ProfiledCodeHeapSize                     = 0                                      {pd product} {ergonomic}
    uintx ReservedCodeCacheSize                    = 251658240                              {pd product} {ergonomic}
     bool SegmentedCodeCache                       = true                                      {product} {ergonomic}
     intx TieredStopAtLevel                        = 1                                         {product} {command line}
     bool UseCompressedClassPointers               = true                                 {lp64_product} {ergonomic}
     bool UseCompressedOops                        = true                                 {lp64_product} {ergonomic}
     bool UseG1GC                                  = true                                      {product} {ergonomic}
     bool UseLargePagesIndividualAllocation        = false                                  {pd product} {ergonomic}

Logging:
Log output configuration:
 #0: stdout all=warning uptime,level,tags
 #1: stderr all=off uptime,level,tags

Environment Variables:
JAVA_HOME=C:\Program Files\Eclipse Adoptium\jdk-11.0.14.101-hotspot\
PATH=C:\Program Files\Eclipse Adoptium\jdk-11.0.14.101-hotspot\bin;C:\ProgramData\Oracle\Java\javapath;C:\Program Files\Common Files\Oracle\Java\javapath;C:\Python310\Scripts\;C:\Python310\;C:\Python39\Scripts\;C:\Python39\;C:\PROGRA~2\Borland\CBUILD~1\Bin;C:\PROGRA~2\Borland\CBUILD~1\Projects\Bpl;C:\Program Files (x86)\CollabNet;C:\Program Files (x86)\Embarcadero\Studio\15.0\bin;C:\Users\Public\Documents\Embarcadero\Studio\15.0\Bpl;C:\Program Files (x86)\Embarcadero\Studio\15.0\bin64;C:\Users\Public\Documents\Embarcadero\Studio\15.0\Bpl\Win64;C:\Windows\system32;C:\Windows;C:\Windows\System32\Wbem;C:\Windows\System32\WindowsPowerShell\v1.0\;C:\Windows\System32\OpenSSH\;C:\ProgramData\chocolatey\bin;C:\Program Files\Git\cmd;C:\Program Files\nodejs\;C:\Users\Guille\AppData\Local\Microsoft\WindowsApps;C:\Users\Guille\AppData\Local\Programs\Microsoft VS Code\bin;C:\Program Files\JetBrains\IntelliJ IDEA Community Edition 2021.3.1\bin;;C:\jdk-11.0.12;C:\gradle-6.8\bin;C:\Users\Guille\AppData\Roaming\npm;C:\Program Files\heroku\bin
USERNAME=Guille
OS=Windows_NT
PROCESSOR_IDENTIFIER=AMD64 Family 23 Model 17 Stepping 0, AuthenticAMD



---------------  S Y S T E M  ---------------

OS: Windows 10 , 64 bit Build 19041 (10.0.19041.1566)

CPU:total 8 (initial active 8) (8 cores per cpu, 2 threads per core) family 23 model 17 stepping 0 microcode 0x0, cmov, cx8, fxsr, mmx, sse, sse2, sse3, ssse3, sse4.1, sse4.2, popcnt, avx, avx2, aes, clmul, mmxext, 3dnowpref, lzcnt, sse4a, ht, tsc, tscinvbit, tscinv, bmi1, bmi2, adx, s

Memory: 4k page, system-wide physical 14284M (2371M free)
TotalPageFile size 14284M (AvailPageFile size 60M)
current process WorkingSet (physical memory assigned to process): 10M, peak: 10M
current process commit charge ("private bytes"): 58M, peak: 282M

vm_info: Java HotSpot(TM) 64-Bit Server VM (11.0.12+8-LTS-237) for windows-amd64 JRE (11.0.12+8-LTS-237), built on Jun  8 2021 11:25:59 by "mach5one" with MS VC++ 15.9 (VS2017)

END.
